Determining if the pthread_create exist failed with the following output:
Change Dir: /home/flk/桌面/课件/第07讲/xiezuoye_directBA/cmake-build-debug/CMakeFiles/CMakeTmp

Run Build Command(s):/usr/bin/make cmTC_b10fa/fast 
/usr/bin/make -f CMakeFiles/cmTC_b10fa.dir/build.make CMakeFiles/cmTC_b10fa.dir/build
make[1]: Entering directory '/home/flk/桌面/课件/第07讲/xiezuoye_directBA/cmake-build-debug/CMakeFiles/CMakeTmp'
Building C object CMakeFiles/cmTC_b10fa.dir/CheckSymbolExists.c.o
/usr/bin/cc    -o CMakeFiles/cmTC_b10fa.dir/CheckSymbolExists.c.o   -c /home/flk/桌面/课件/第07讲/xiezuoye_directBA/cmake-build-debug/CMakeFiles/CMakeTmp/CheckSymbolExists.c
Linking C executable cmTC_b10fa
/home/flk/yuanma/clion-2019.1.3/bin/cmake/linux/bin/cmake -E cmake_link_script CMakeFiles/cmTC_b10fa.dir/link.txt --verbose=1
/usr/bin/cc      -rdynamic CMakeFiles/cmTC_b10fa.dir/CheckSymbolExists.c.o  -o cmTC_b10fa 
CMakeFiles/cmTC_b10fa.dir/CheckSymbolExists.c.o：在函数‘main’中：
CheckSymbolExists.c:(.text+0x16)：对‘pthread_create’未定义的引用
collect2: error: ld returned 1 exit status
CMakeFiles/cmTC_b10fa.dir/build.make:86: recipe for target 'cmTC_b10fa' failed
make[1]: *** [cmTC_b10fa] Error 1
make[1]: Leaving directory '/home/flk/桌面/课件/第07讲/xiezuoye_directBA/cmake-build-debug/CMakeFiles/CMakeTmp'
Makefile:121: recipe for target 'cmTC_b10fa/fast' failed
make: *** [cmTC_b10fa/fast] Error 2

File /home/flk/桌面/课件/第07讲/xiezuoye_directBA/cmake-build-debug/CMakeFiles/CMakeTmp/CheckSymbolExists.c:
/* */
#include <pthread.h>

int main(int argc, char** argv)
{
  (void)argv;
#ifndef pthread_create
  return ((int*)(&pthread_create))[argc];
#else
  (void)argc;
  return 0;
#endif
}

Determining if the function pthread_create exists in the pthreads failed with the following output:
Change Dir: /home/flk/桌面/课件/第07讲/xiezuoye_directBA/cmake-build-debug/CMakeFiles/CMakeTmp

Run Build Command(s):/usr/bin/make cmTC_8d754/fast 
/usr/bin/make -f CMakeFiles/cmTC_8d754.dir/build.make CMakeFiles/cmTC_8d754.dir/build
make[1]: Entering directory '/home/flk/桌面/课件/第07讲/xiezuoye_directBA/cmake-build-debug/CMakeFiles/CMakeTmp'
Building C object CMakeFiles/cmTC_8d754.dir/CheckFunctionExists.c.o
/usr/bin/cc   -DCHECK_FUNCTION_EXISTS=pthread_create   -o CMakeFiles/cmTC_8d754.dir/CheckFunctionExists.c.o   -c /home/flk/yuanma/clion-2019.1.3/bin/cmake/linux/share/cmake-3.14/Modules/CheckFunctionExists.c
Linking C executable cmTC_8d754
/home/flk/yuanma/clion-2019.1.3/bin/cmake/linux/bin/cmake -E cmake_link_script CMakeFiles/cmTC_8d754.dir/link.txt --verbose=1
/usr/bin/cc  -DCHECK_FUNCTION_EXISTS=pthread_create    -rdynamic CMakeFiles/cmTC_8d754.dir/CheckFunctionExists.c.o  -o cmTC_8d754 -lpthreads 
/usr/bin/ld: 找不到 -lpthreads
collect2: error: ld returned 1 exit status
CMakeFiles/cmTC_8d754.dir/build.make:86: recipe for target 'cmTC_8d754' failed
make[1]: *** [cmTC_8d754] Error 1
make[1]: Leaving directory '/home/flk/桌面/课件/第07讲/xiezuoye_directBA/cmake-build-debug/CMakeFiles/CMakeTmp'
Makefile:121: recipe for target 'cmTC_8d754/fast' failed
make: *** [cmTC_8d754/fast] Error 2


